# JRE version: OpenJDK Runtime Environment (8.0_275) (build 1.8.0_275-bre_2020_11_16_16_16-b00)
# Java VM: OpenJDK 64-Bit Server VM (25.275-b00 mixed mode bsd-amd64 compressed oops)
Heap:
 PSYoungGen      total 220672K, used 88326K [0x0000000780000000, 0x000000078fc00000, 0x00000007c0000000)
  eden space 209920K, 37% used [0x0000000780000000,0x0000000784c40940,0x000000078cd00000)
  from space 10752K, 95% used [0x000000078f180000,0x000000078fb80fb0,0x000000078fc00000)
  to   space 13312K, 0% used [0x000000078e200000,0x000000078e200000,0x000000078ef00000)
 ParOldGen       total 129024K, used 17334K [0x0000000700000000, 0x0000000707e00000, 0x0000000780000000)
  object space 129024K, 13% used [0x0000000700000000,0x00000007010eda70,0x0000000707e00000)
 Metaspace       used 46923K, capacity 50178K, committed 50304K, reserved 1091584K
  class space    used 6658K, capacity 7278K, committed 7296K, reserved 1048576K
GC Heap History (10 events):
Event: 4.131 GC heap before
{Heap before GC invocations=6 (full 1):
 PSYoungGen      total 106496K, used 98304K [0x0000000780000000, 0x0000000787000000, 0x00000007c0000000)
  eden space 98304K, 100% used [0x0000000780000000,0x0000000786000000,0x0000000786000000)
  from space 8192K, 0% used [0x0000000786800000,0x0000000786800000,0x0000000787000000)
  to   space 8192K, 0% used [0x0000000786000000,0x0000000786000000,0x0000000786800000)
 ParOldGen       total 78336K, used 8096K [0x0000000700000000, 0x0000000704c80000, 0x0000000780000000)
  object space 78336K, 10% used [0x0000000700000000,0x00000007007e8070,0x0000000704c80000)
 Metaspace       used 23663K, capacity 24710K, committed 24832K, reserved 1071104K
  class space    used 3223K, capacity 3463K, committed 3584K, reserved 1048576K
Event: 4.143 GC heap after
Heap after GC invocations=6 (full 1):
 PSYoungGen      total 106496K, used 7646K [0x0000000780000000, 0x000000078a980000, 0x00000007c0000000)
  eden space 98304K, 0% used [0x0000000780000000,0x0000000780000000,0x0000000786000000)
  from space 8192K, 93% used [0x0000000786000000,0x0000000786777810,0x0000000786800000)
  to   space 9728K, 0% used [0x000000078a000000,0x000000078a000000,0x000000078a980000)
 ParOldGen       total 78336K, used 8104K [0x0000000700000000, 0x0000000704c80000, 0x0000000780000000)
  object space 78336K, 10% used [0x0000000700000000,0x00000007007ea070,0x0000000704c80000)
 Metaspace       used 23663K, capacity 24710K, committed 24832K, reserved 1071104K
  class space    used 3223K, capacity 3463K, committed 3584K, reserved 1048576K
}
Event: 5.185 GC heap before
{Heap before GC invocations=7 (full 1):
 PSYoungGen      total 106496K, used 105950K [0x0000000780000000, 0x000000078a980000, 0x00000007c0000000)
  eden space 98304K, 100% used [0x0000000780000000,0x0000000786000000,0x0000000786000000)
  from space 8192K, 93% used [0x0000000786000000,0x0000000786777810,0x0000000786800000)
  to   space 9728K, 0% used [0x000000078a000000,0x000000078a000000,0x000000078a980000)
 ParOldGen       total 78336K, used 8104K [0x0000000700000000, 0x0000000704c80000, 0x0000000780000000)
  object space 78336K, 10% used [0x0000000700000000,0x00000007007ea070,0x0000000704c80000)
 Metaspace       used 27214K, capacity 28560K, committed 28672K, reserved 1073152K
  class space    used 3799K, capacity 4090K, committed 4096K, reserved 1048576K
Event: 5.198 GC heap after
Heap after GC invocations=7 (full 1):
 PSYoungGen      total 161792K, used 9328K [0x0000000780000000, 0x000000078a980000, 0x00000007c0000000)
  eden space 152064K, 0% used [0x0000000780000000,0x0000000780000000,0x0000000789480000)
  from space 9728K, 95% used [0x000000078a000000,0x000000078a91c170,0x000000078a980000)
  to   space 10752K, 0% used [0x0000000789480000,0x0000000789480000,0x0000000789f00000)
 ParOldGen       total 78336K, used 8112K [0x0000000700000000, 0x0000000704c80000, 0x0000000780000000)
  object space 78336K, 10% used [0x0000000700000000,0x00000007007ec070,0x0000000704c80000)
 Metaspace       used 27214K, capacity 28560K, committed 28672K, reserved 1073152K
  class space    used 3799K, capacity 4090K, committed 4096K, reserved 1048576K
}
Event: 6.583 GC heap before
{Heap before GC invocations=8 (full 1):
 PSYoungGen      total 161792K, used 100798K [0x0000000780000000, 0x000000078a980000, 0x00000007c0000000)
  eden space 152064K, 60% used [0x0000000780000000,0x0000000785953a48,0x0000000789480000)
  from space 9728K, 95% used [0x000000078a000000,0x000000078a91c170,0x000000078a980000)
  to   space 10752K, 0% used [0x0000000789480000,0x0000000789480000,0x0000000789f00000)
 ParOldGen       total 78336K, used 8112K [0x0000000700000000, 0x0000000704c80000, 0x0000000780000000)
  object space 78336K, 10% used [0x0000000700000000,0x00000007007ec070,0x0000000704c80000)
 Metaspace       used 33569K, capacity 35278K, committed 35416K, reserved 1079296K
  class space    used 4682K, capacity 5031K, committed 5120K, reserved 1048576K
Event: 6.606 GC heap after
Heap after GC invocations=8 (full 1):
 PSYoungGen      total 162816K, used 10724K [0x0000000780000000, 0x000000078fe00000, 0x00000007c0000000)
  eden space 152064K, 0% used [0x0000000780000000,0x0000000780000000,0x0000000789480000)
  from space 10752K, 99% used [0x0000000789480000,0x0000000789ef91d0,0x0000000789f00000)
  to   space 12800K, 0% used [0x000000078f180000,0x000000078f180000,0x000000078fe00000)
 ParOldGen       total 78336K, used 9882K [0x0000000700000000, 0x0000000704c80000, 0x0000000780000000)
  object space 78336K, 12% used [0x0000000700000000,0x00000007009a6a50,0x0000000704c80000)
 Metaspace       used 33569K, capacity 35278K, committed 35416K, reserved 1079296K
  class space    used 4682K, capacity 5031K, committed 5120K, reserved 1048576K
}
Event: 6.606 GC heap before
{Heap before GC invocations=9 (full 2):
 PSYoungGen      total 162816K, used 10724K [0x0000000780000000, 0x000000078fe00000, 0x00000007c0000000)
  eden space 152064K, 0% used [0x0000000780000000,0x0000000780000000,0x0000000789480000)
  from space 10752K, 99% used [0x0000000789480000,0x0000000789ef91d0,0x0000000789f00000)
  to   space 12800K, 0% used [0x000000078f180000,0x000000078f180000,0x000000078fe00000)
 ParOldGen       total 78336K, used 9882K [0x0000000700000000, 0x0000000704c80000, 0x0000000780000000)
  object space 78336K, 12% used [0x0000000700000000,0x00000007009a6a50,0x0000000704c80000)
 Metaspace       used 33569K, capacity 35278K, committed 35416K, reserved 1079296K
  class space    used 4682K, capacity 5031K, committed 5120K, reserved 1048576K
Event: 6.718 GC heap after
Heap after GC invocations=9 (full 2):
 PSYoungGen      total 162816K, used 0K [0x0000000780000000, 0x000000078fe00000, 0x00000007c0000000)
  eden space 152064K, 0% used [0x0000000780000000,0x0000000780000000,0x0000000789480000)
  from space 10752K, 0% used [0x0000000789480000,0x0000000789480000,0x0000000789f00000)
  to   space 12800K, 0% used [0x000000078f180000,0x000000078f180000,0x000000078fe00000)
 ParOldGen       total 129024K, used 17326K [0x0000000700000000, 0x0000000707e00000, 0x0000000780000000)
  object space 129024K, 13% used [0x0000000700000000,0x00000007010eba70,0x0000000707e00000)
 Metaspace       used 33569K, capacity 35278K, committed 35416K, reserved 1079296K
  class space    used 4682K, capacity 5031K, committed 5120K, reserved 1048576K
}
Event: 9.433 GC heap before
{Heap before GC invocations=10 (full 2):
 PSYoungGen      total 162816K, used 152064K [0x0000000780000000, 0x000000078fe00000, 0x00000007c0000000)
  eden space 152064K, 100% used [0x0000000780000000,0x0000000789480000,0x0000000789480000)
  from space 10752K, 0% used [0x0000000789480000,0x0000000789480000,0x0000000789f00000)
  to   space 12800K, 0% used [0x000000078f180000,0x000000078f180000,0x000000078fe00000)
 ParOldGen       total 129024K, used 17326K [0x0000000700000000, 0x0000000707e00000, 0x0000000780000000)
  object space 129024K, 13% used [0x0000000700000000,0x00000007010eba70,0x0000000707e00000)
 Metaspace       used 40946K, capacity 43744K, committed 44032K, reserved 1087488K
  class space    used 5796K, capacity 6309K, committed 6400K, reserved 1048576K
Event: 9.453 GC heap after
Heap after GC invocations=10 (full 2):
 PSYoungGen      total 220672K, used 10243K [0x0000000780000000, 0x000000078fc00000, 0x00000007c0000000)
  eden space 209920K, 0% used [0x0000000780000000,0x0000000780000000,0x000000078cd00000)
  from space 10752K, 95% used [0x000000078f180000,0x000000078fb80fb0,0x000000078fc00000)
  to   space 13312K, 0% used [0x000000078e200000,0x000000078e200000,0x000000078ef00000)
 ParOldGen       total 129024K, used 17334K [0x0000000700000000, 0x0000000707e00000, 0x0000000780000000)
  object space 129024K, 13% used [0x0000000700000000,0x00000007010eda70,0x0000000707e00000)
 Metaspace       used 40946K, capacity 43744K, committed 44032K, reserved 1087488K
  class space    used 5796K, capacity 6309K, committed 6400K, reserved 1048576K
}

