# JRE version: OpenJDK Runtime Environment (8.0_275) (build 1.8.0_275-bre_2020_11_16_16_16-b00)
# Java VM: OpenJDK 64-Bit Server VM (25.275-b00 mixed mode bsd-amd64 compressed oops)
Heap:
 PSYoungGen      total 217600K, used 76651K [0x0000000780000000, 0x000000078f780000, 0x00000007c0000000)
  eden space 207360K, 32% used [0x0000000780000000,0x00000007840e7d88,0x000000078ca80000)
  from space 10240K, 99% used [0x000000078ed80000,0x000000078f773100,0x000000078f780000)
  to   space 13312K, 0% used [0x000000078dd80000,0x000000078dd80000,0x000000078ea80000)
 ParOldGen       total 129024K, used 17455K [0x0000000700000000, 0x0000000707e00000, 0x0000000780000000)
  object space 129024K, 13% used [0x0000000700000000,0x000000070110bf90,0x0000000707e00000)
 Metaspace       used 46908K, capacity 50120K, committed 50304K, reserved 1091584K
  class space    used 6650K, capacity 7265K, committed 7296K, reserved 1048576K
GC Heap History (10 events):
Event: 5.420 GC heap before
{Heap before GC invocations=6 (full 1):
 PSYoungGen      total 106496K, used 98304K [0x0000000780000000, 0x0000000787000000, 0x00000007c0000000)
  eden space 98304K, 100% used [0x0000000780000000,0x0000000786000000,0x0000000786000000)
  from space 8192K, 0% used [0x0000000786800000,0x0000000786800000,0x0000000787000000)
  to   space 8192K, 0% used [0x0000000786000000,0x0000000786000000,0x0000000786800000)
 ParOldGen       total 79360K, used 8532K [0x0000000700000000, 0x0000000704d80000, 0x0000000780000000)
  object space 79360K, 10% used [0x0000000700000000,0x0000000700855140,0x0000000704d80000)
 Metaspace       used 23643K, capacity 24706K, committed 24832K, reserved 1071104K
  class space    used 3213K, capacity 3463K, committed 3584K, reserved 1048576K
Event: 5.438 GC heap after
Heap after GC invocations=6 (full 1):
 PSYoungGen      total 106496K, used 7484K [0x0000000780000000, 0x000000078a900000, 0x00000007c0000000)
  eden space 98304K, 0% used [0x0000000780000000,0x0000000780000000,0x0000000786000000)
  from space 8192K, 91% used [0x0000000786000000,0x000000078674f390,0x0000000786800000)
  to   space 9728K, 0% used [0x0000000789f80000,0x0000000789f80000,0x000000078a900000)
 ParOldGen       total 79360K, used 8540K [0x0000000700000000, 0x0000000704d80000, 0x0000000780000000)
  object space 79360K, 10% used [0x0000000700000000,0x0000000700857140,0x0000000704d80000)
 Metaspace       used 23643K, capacity 24706K, committed 24832K, reserved 1071104K
  class space    used 3213K, capacity 3463K, committed 3584K, reserved 1048576K
}
Event: 6.692 GC heap before
{Heap before GC invocations=7 (full 1):
 PSYoungGen      total 106496K, used 105788K [0x0000000780000000, 0x000000078a900000, 0x00000007c0000000)
  eden space 98304K, 100% used [0x0000000780000000,0x0000000786000000,0x0000000786000000)
  from space 8192K, 91% used [0x0000000786000000,0x000000078674f390,0x0000000786800000)
  to   space 9728K, 0% used [0x0000000789f80000,0x0000000789f80000,0x000000078a900000)
 ParOldGen       total 79360K, used 8540K [0x0000000700000000, 0x0000000704d80000, 0x0000000780000000)
  object space 79360K, 10% used [0x0000000700000000,0x0000000700857140,0x0000000704d80000)
 Metaspace       used 27197K, capacity 28534K, committed 28672K, reserved 1073152K
  class space    used 3789K, capacity 4059K, committed 4096K, reserved 1048576K
Event: 6.706 GC heap after
Heap after GC invocations=7 (full 1):
 PSYoungGen      total 161280K, used 9446K [0x0000000780000000, 0x000000078a900000, 0x00000007c0000000)
  eden space 151552K, 0% used [0x0000000780000000,0x0000000780000000,0x0000000789400000)
  from space 9728K, 97% used [0x0000000789f80000,0x000000078a8b9978,0x000000078a900000)
  to   space 10752K, 0% used [0x0000000789400000,0x0000000789400000,0x0000000789e80000)
 ParOldGen       total 79360K, used 8548K [0x0000000700000000, 0x0000000704d80000, 0x0000000780000000)
  object space 79360K, 10% used [0x0000000700000000,0x0000000700859140,0x0000000704d80000)
 Metaspace       used 27197K, capacity 28534K, committed 28672K, reserved 1073152K
  class space    used 3789K, capacity 4059K, committed 4096K, reserved 1048576K
}
Event: 8.540 GC heap before
{Heap before GC invocations=8 (full 1):
 PSYoungGen      total 161280K, used 105427K [0x0000000780000000, 0x000000078a900000, 0x00000007c0000000)
  eden space 151552K, 63% used [0x0000000780000000,0x0000000785dbb680,0x0000000789400000)
  from space 9728K, 97% used [0x0000000789f80000,0x000000078a8b9978,0x000000078a900000)
  to   space 10752K, 0% used [0x0000000789400000,0x0000000789400000,0x0000000789e80000)
 ParOldGen       total 79360K, used 8548K [0x0000000700000000, 0x0000000704d80000, 0x0000000780000000)
  object space 79360K, 10% used [0x0000000700000000,0x0000000700859140,0x0000000704d80000)
 Metaspace       used 33629K, capacity 35348K, committed 35496K, reserved 1079296K
  class space    used 4685K, capacity 5032K, committed 5120K, reserved 1048576K
Event: 8.558 GC heap after
Heap after GC invocations=8 (full 1):
 PSYoungGen      total 162304K, used 10750K [0x0000000780000000, 0x000000078fa00000, 0x00000007c0000000)
  eden space 151552K, 0% used [0x0000000780000000,0x0000000780000000,0x0000000789400000)
  from space 10752K, 99% used [0x0000000789400000,0x0000000789e7f990,0x0000000789e80000)
  to   space 12800K, 0% used [0x000000078ed80000,0x000000078ed80000,0x000000078fa00000)
 ParOldGen       total 79360K, used 10467K [0x0000000700000000, 0x0000000704d80000, 0x0000000780000000)
  object space 79360K, 13% used [0x0000000700000000,0x0000000700a38e88,0x0000000704d80000)
 Metaspace       used 33629K, capacity 35348K, committed 35496K, reserved 1079296K
  class space    used 4685K, capacity 5032K, committed 5120K, reserved 1048576K
}
Event: 8.558 GC heap before
{Heap before GC invocations=9 (full 2):
 PSYoungGen      total 162304K, used 10750K [0x0000000780000000, 0x000000078fa00000, 0x00000007c0000000)
  eden space 151552K, 0% used [0x0000000780000000,0x0000000780000000,0x0000000789400000)
  from space 10752K, 99% used [0x0000000789400000,0x0000000789e7f990,0x0000000789e80000)
  to   space 12800K, 0% used [0x000000078ed80000,0x000000078ed80000,0x000000078fa00000)
 ParOldGen       total 79360K, used 10467K [0x0000000700000000, 0x0000000704d80000, 0x0000000780000000)
  object space 79360K, 13% used [0x0000000700000000,0x0000000700a38e88,0x0000000704d80000)
 Metaspace       used 33629K, capacity 35348K, committed 35496K, reserved 1079296K
  class space    used 4685K, capacity 5032K, committed 5120K, reserved 1048576K
Event: 8.662 GC heap after
Heap after GC invocations=9 (full 2):
 PSYoungGen      total 162304K, used 0K [0x0000000780000000, 0x000000078fa00000, 0x00000007c0000000)
  eden space 151552K, 0% used [0x0000000780000000,0x0000000780000000,0x0000000789400000)
  from space 10752K, 0% used [0x0000000789400000,0x0000000789400000,0x0000000789e80000)
  to   space 12800K, 0% used [0x000000078ed80000,0x000000078ed80000,0x000000078fa00000)
 ParOldGen       total 129024K, used 17447K [0x0000000700000000, 0x0000000707e00000, 0x0000000780000000)
  object space 129024K, 13% used [0x0000000700000000,0x0000000701109f90,0x0000000707e00000)
 Metaspace       used 33629K, capacity 35348K, committed 35496K, reserved 1079296K
  class space    used 4685K, capacity 5032K, committed 5120K, reserved 1048576K
}
Event: 63.088 GC heap before
{Heap before GC invocations=10 (full 2):
 PSYoungGen      total 162304K, used 151552K [0x0000000780000000, 0x000000078fa00000, 0x00000007c0000000)
  eden space 151552K, 100% used [0x0000000780000000,0x0000000789400000,0x0000000789400000)
  from space 10752K, 0% used [0x0000000789400000,0x0000000789400000,0x0000000789e80000)
  to   space 12800K, 0% used [0x000000078ed80000,0x000000078ed80000,0x000000078fa00000)
 ParOldGen       total 129024K, used 17447K [0x0000000700000000, 0x0000000707e00000, 0x0000000780000000)
  object space 129024K, 13% used [0x0000000700000000,0x0000000701109f90,0x0000000707e00000)
 Metaspace       used 41189K, capacity 44050K, committed 44288K, reserved 1087488K
  class space    used 5821K, capacity 6378K, committed 6400K, reserved 1048576K
Event: 63.110 GC heap after
Heap after GC invocations=10 (full 2):
 PSYoungGen      total 217600K, used 10188K [0x0000000780000000, 0x000000078f780000, 0x00000007c0000000)
  eden space 207360K, 0% used [0x0000000780000000,0x0000000780000000,0x000000078ca80000)
  from space 10240K, 99% used [0x000000078ed80000,0x000000078f773100,0x000000078f780000)
  to   space 13312K, 0% used [0x000000078dd80000,0x000000078dd80000,0x000000078ea80000)
 ParOldGen       total 129024K, used 17455K [0x0000000700000000, 0x0000000707e00000, 0x0000000780000000)
  object space 129024K, 13% used [0x0000000700000000,0x000000070110bf90,0x0000000707e00000)
 Metaspace       used 41189K, capacity 44050K, committed 44288K, reserved 1087488K
  class space    used 5821K, capacity 6378K, committed 6400K, reserved 1048576K
}

