# JRE version: OpenJDK Runtime Environment (8.0_275) (build 1.8.0_275-bre_2020_11_16_16_16-b00)
# Java VM: OpenJDK 64-Bit Server VM (25.275-b00 mixed mode bsd-amd64 compressed oops)
Heap:
 PSYoungGen      total 207872K, used 85312K [0x0000000780000000, 0x000000078e380000, 0x00000007c0000000)
  eden space 197632K, 38% used [0x0000000780000000,0x00000007849641a0,0x000000078c100000)
  from space 10240K, 99% used [0x000000078d980000,0x000000078e36c058,0x000000078e380000)
  to   space 13312K, 0% used [0x000000078c980000,0x000000078c980000,0x000000078d680000)
 ParOldGen       total 133120K, used 17427K [0x0000000700000000, 0x0000000708200000, 0x0000000780000000)
  object space 133120K, 13% used [0x0000000700000000,0x0000000701104f90,0x0000000708200000)
 Metaspace       used 46927K, capacity 50166K, committed 50304K, reserved 1091584K
  class space    used 6653K, capacity 7272K, committed 7296K, reserved 1048576K
GC Heap History (10 events):
Event: 4.323 GC heap before
{Heap before GC invocations=6 (full 1):
 PSYoungGen      total 106496K, used 98304K [0x0000000780000000, 0x0000000787000000, 0x00000007c0000000)
  eden space 98304K, 100% used [0x0000000780000000,0x0000000786000000,0x0000000786000000)
  from space 8192K, 0% used [0x0000000786800000,0x0000000786800000,0x0000000787000000)
  to   space 8192K, 0% used [0x0000000786000000,0x0000000786000000,0x0000000786800000)
 ParOldGen       total 81408K, used 8553K [0x0000000700000000, 0x0000000704f80000, 0x0000000780000000)
  object space 81408K, 10% used [0x0000000700000000,0x000000070085a430,0x0000000704f80000)
 Metaspace       used 23642K, capacity 24742K, committed 24832K, reserved 1071104K
  class space    used 3223K, capacity 3495K, committed 3584K, reserved 1048576K
Event: 4.336 GC heap after
Heap after GC invocations=6 (full 1):
 PSYoungGen      total 106496K, used 7469K [0x0000000780000000, 0x000000078a280000, 0x00000007c0000000)
  eden space 98304K, 0% used [0x0000000780000000,0x0000000780000000,0x0000000786000000)
  from space 8192K, 91% used [0x0000000786000000,0x000000078674b4f8,0x0000000786800000)
  to   space 9728K, 0% used [0x0000000789900000,0x0000000789900000,0x000000078a280000)
 ParOldGen       total 81408K, used 8561K [0x0000000700000000, 0x0000000704f80000, 0x0000000780000000)
  object space 81408K, 10% used [0x0000000700000000,0x000000070085c430,0x0000000704f80000)
 Metaspace       used 23642K, capacity 24742K, committed 24832K, reserved 1071104K
  class space    used 3223K, capacity 3495K, committed 3584K, reserved 1048576K
}
Event: 5.146 GC heap before
{Heap before GC invocations=7 (full 1):
 PSYoungGen      total 106496K, used 105773K [0x0000000780000000, 0x000000078a280000, 0x00000007c0000000)
  eden space 98304K, 100% used [0x0000000780000000,0x0000000786000000,0x0000000786000000)
  from space 8192K, 91% used [0x0000000786000000,0x000000078674b4f8,0x0000000786800000)
  to   space 9728K, 0% used [0x0000000789900000,0x0000000789900000,0x000000078a280000)
 ParOldGen       total 81408K, used 8561K [0x0000000700000000, 0x0000000704f80000, 0x0000000780000000)
  object space 81408K, 10% used [0x0000000700000000,0x000000070085c430,0x0000000704f80000)
 Metaspace       used 27233K, capacity 28652K, committed 28672K, reserved 1073152K
  class space    used 3806K, capacity 4096K, committed 4096K, reserved 1048576K
Event: 5.159 GC heap after
Heap after GC invocations=7 (full 1):
 PSYoungGen      total 154624K, used 9532K [0x0000000780000000, 0x000000078a280000, 0x00000007c0000000)
  eden space 144896K, 0% used [0x0000000780000000,0x0000000780000000,0x0000000788d80000)
  from space 9728K, 97% used [0x0000000789900000,0x000000078a24f370,0x000000078a280000)
  to   space 10752K, 0% used [0x0000000788d80000,0x0000000788d80000,0x0000000789800000)
 ParOldGen       total 81408K, used 8569K [0x0000000700000000, 0x0000000704f80000, 0x0000000780000000)
  object space 81408K, 10% used [0x0000000700000000,0x000000070085e430,0x0000000704f80000)
 Metaspace       used 27233K, capacity 28652K, committed 28672K, reserved 1073152K
  class space    used 3806K, capacity 4096K, committed 4096K, reserved 1048576K
}
Event: 6.622 GC heap before
{Heap before GC invocations=8 (full 1):
 PSYoungGen      total 154624K, used 102431K [0x0000000780000000, 0x000000078a280000, 0x00000007c0000000)
  eden space 144896K, 64% used [0x0000000780000000,0x0000000785ab88f0,0x0000000788d80000)
  from space 9728K, 97% used [0x0000000789900000,0x000000078a24f370,0x000000078a280000)
  to   space 10752K, 0% used [0x0000000788d80000,0x0000000788d80000,0x0000000789800000)
 ParOldGen       total 81408K, used 8569K [0x0000000700000000, 0x0000000704f80000, 0x0000000780000000)
  object space 81408K, 10% used [0x0000000700000000,0x000000070085e430,0x0000000704f80000)
 Metaspace       used 33613K, capacity 35380K, committed 35496K, reserved 1079296K
  class space    used 4691K, capacity 5064K, committed 5120K, reserved 1048576K
Event: 6.644 GC heap after
Heap after GC invocations=8 (full 1):
 PSYoungGen      total 155648K, used 10741K [0x0000000780000000, 0x000000078e680000, 0x00000007c0000000)
  eden space 144896K, 0% used [0x0000000780000000,0x0000000780000000,0x0000000788d80000)
  from space 10752K, 99% used [0x0000000788d80000,0x00000007897fd590,0x0000000789800000)
  to   space 13312K, 0% used [0x000000078d980000,0x000000078d980000,0x000000078e680000)
 ParOldGen       total 81408K, used 10558K [0x0000000700000000, 0x0000000704f80000, 0x0000000780000000)
  object space 81408K, 12% used [0x0000000700000000,0x0000000700a4faa8,0x0000000704f80000)
 Metaspace       used 33613K, capacity 35380K, committed 35496K, reserved 1079296K
  class space    used 4691K, capacity 5064K, committed 5120K, reserved 1048576K
}
Event: 6.644 GC heap before
{Heap before GC invocations=9 (full 2):
 PSYoungGen      total 155648K, used 10741K [0x0000000780000000, 0x000000078e680000, 0x00000007c0000000)
  eden space 144896K, 0% used [0x0000000780000000,0x0000000780000000,0x0000000788d80000)
  from space 10752K, 99% used [0x0000000788d80000,0x00000007897fd590,0x0000000789800000)
  to   space 13312K, 0% used [0x000000078d980000,0x000000078d980000,0x000000078e680000)
 ParOldGen       total 81408K, used 10558K [0x0000000700000000, 0x0000000704f80000, 0x0000000780000000)
  object space 81408K, 12% used [0x0000000700000000,0x0000000700a4faa8,0x0000000704f80000)
 Metaspace       used 33613K, capacity 35380K, committed 35496K, reserved 1079296K
  class space    used 4691K, capacity 5064K, committed 5120K, reserved 1048576K
Event: 6.754 GC heap after
Heap after GC invocations=9 (full 2):
 PSYoungGen      total 155648K, used 0K [0x0000000780000000, 0x000000078e680000, 0x00000007c0000000)
  eden space 144896K, 0% used [0x0000000780000000,0x0000000780000000,0x0000000788d80000)
  from space 10752K, 0% used [0x0000000788d80000,0x0000000788d80000,0x0000000789800000)
  to   space 13312K, 0% used [0x000000078d980000,0x000000078d980000,0x000000078e680000)
 ParOldGen       total 133120K, used 17419K [0x0000000700000000, 0x0000000708200000, 0x0000000780000000)
  object space 133120K, 13% used [0x0000000700000000,0x0000000701102f90,0x0000000708200000)
 Metaspace       used 33613K, capacity 35380K, committed 35496K, reserved 1079296K
  class space    used 4691K, capacity 5064K, committed 5120K, reserved 1048576K
}
Event: 13.228 GC heap before
{Heap before GC invocations=10 (full 2):
 PSYoungGen      total 155648K, used 144896K [0x0000000780000000, 0x000000078e680000, 0x00000007c0000000)
  eden space 144896K, 100% used [0x0000000780000000,0x0000000788d80000,0x0000000788d80000)
  from space 10752K, 0% used [0x0000000788d80000,0x0000000788d80000,0x0000000789800000)
  to   space 13312K, 0% used [0x000000078d980000,0x000000078d980000,0x000000078e680000)
 ParOldGen       total 133120K, used 17419K [0x0000000700000000, 0x0000000708200000, 0x0000000780000000)
  object space 133120K, 13% used [0x0000000700000000,0x0000000701102f90,0x0000000708200000)
 Metaspace       used 40935K, capacity 43766K, committed 44032K, reserved 1087488K
  class space    used 5788K, capacity 6298K, committed 6400K, reserved 1048576K
Event: 13.242 GC heap after
Heap after GC invocations=10 (full 2):
 PSYoungGen      total 207872K, used 10160K [0x0000000780000000, 0x000000078e380000, 0x00000007c0000000)
  eden space 197632K, 0% used [0x0000000780000000,0x0000000780000000,0x000000078c100000)
  from space 10240K, 99% used [0x000000078d980000,0x000000078e36c058,0x000000078e380000)
  to   space 13312K, 0% used [0x000000078c980000,0x000000078c980000,0x000000078d680000)
 ParOldGen       total 133120K, used 17427K [0x0000000700000000, 0x0000000708200000, 0x0000000780000000)
  object space 133120K, 13% used [0x0000000700000000,0x0000000701104f90,0x0000000708200000)
 Metaspace       used 40935K, capacity 43766K, committed 44032K, reserved 1087488K
  class space    used 5788K, capacity 6298K, committed 6400K, reserved 1048576K
}

