# JRE version: OpenJDK Runtime Environment (8.0_275) (build 1.8.0_275-bre_2020_11_16_16_16-b00)
# Java VM: OpenJDK 64-Bit Server VM (25.275-b00 mixed mode bsd-amd64 compressed oops)
Heap:
 PSYoungGen      total 342528K, used 234310K [0x0000000780000000, 0x0000000797500000, 0x00000007c0000000)
  eden space 329216K, 71% used [0x0000000780000000,0x000000078e4d18e0,0x0000000794180000)
  from space 13312K, 0% used [0x0000000794e80000,0x0000000794e80000,0x0000000795b80000)
  to   space 13312K, 0% used [0x0000000794180000,0x0000000794180000,0x0000000794e80000)
 ParOldGen       total 84992K, used 14819K [0x0000000700000000, 0x0000000705300000, 0x0000000780000000)
  object space 84992K, 17% used [0x0000000700000000,0x0000000700e78d68,0x0000000705300000)
 Metaspace       used 46818K, capacity 50055K, committed 50256K, reserved 1091584K
  class space    used 6643K, capacity 7253K, committed 7296K, reserved 1048576K
GC Heap History (10 events):
Event: 4.129 GC heap before
{Heap before GC invocations=6 (full 1):
 PSYoungGen      total 106496K, used 5963K [0x0000000780000000, 0x000000078d200000, 0x00000007c0000000)
  eden space 98304K, 0% used [0x0000000780000000,0x0000000780000000,0x0000000786000000)
  from space 8192K, 72% used [0x0000000786000000,0x00000007865d2d38,0x0000000786800000)
  to   space 9216K, 0% used [0x000000078c900000,0x000000078c900000,0x000000078d200000)
 ParOldGen       total 131072K, used 603K [0x0000000700000000, 0x0000000708000000, 0x0000000780000000)
  object space 131072K, 0% used [0x0000000700000000,0x0000000700096db0,0x0000000708000000)
 Metaspace       used 20635K, capacity 21517K, committed 21628K, reserved 1069056K
  class space    used 2780K, capacity 3013K, committed 3072K, reserved 1048576K
Event: 4.184 GC heap after
Heap after GC invocations=6 (full 1):
 PSYoungGen      total 106496K, used 0K [0x0000000780000000, 0x000000078d200000, 0x00000007c0000000)
  eden space 98304K, 0% used [0x0000000780000000,0x0000000780000000,0x0000000786000000)
  from space 8192K, 0% used [0x0000000786000000,0x0000000786000000,0x0000000786800000)
  to   space 9216K, 0% used [0x000000078c900000,0x000000078c900000,0x000000078d200000)
 ParOldGen       total 61952K, used 5850K [0x0000000700000000, 0x0000000703c80000, 0x0000000780000000)
  object space 61952K, 9% used [0x0000000700000000,0x00000007005b6b38,0x0000000703c80000)
 Metaspace       used 20635K, capacity 21517K, committed 21628K, reserved 1069056K
  class space    used 2780K, capacity 3013K, committed 3072K, reserved 1048576K
}
Event: 5.581 GC heap before
{Heap before GC invocations=7 (full 1):
 PSYoungGen      total 106496K, used 98304K [0x0000000780000000, 0x000000078d200000, 0x00000007c0000000)
  eden space 98304K, 100% used [0x0000000780000000,0x0000000786000000,0x0000000786000000)
  from space 8192K, 0% used [0x0000000786000000,0x0000000786000000,0x0000000786800000)
  to   space 9216K, 0% used [0x000000078c900000,0x000000078c900000,0x000000078d200000)
 ParOldGen       total 61952K, used 5850K [0x0000000700000000, 0x0000000703c80000, 0x0000000780000000)
  object space 61952K, 9% used [0x0000000700000000,0x00000007005b6b38,0x0000000703c80000)
 Metaspace       used 23653K, capacity 24743K, committed 24832K, reserved 1071104K
  class space    used 3232K, capacity 3496K, committed 3584K, reserved 1048576K
Event: 5.593 GC heap after
Heap after GC invocations=7 (full 1):
 PSYoungGen      total 189440K, used 7272K [0x0000000780000000, 0x000000078d080000, 0x00000007c0000000)
  eden space 181760K, 0% used [0x0000000780000000,0x0000000780000000,0x000000078b180000)
  from space 7680K, 94% used [0x000000078c900000,0x000000078d01a188,0x000000078d080000)
  to   space 9216K, 0% used [0x000000078be80000,0x000000078be80000,0x000000078c780000)
 ParOldGen       total 61952K, used 5858K [0x0000000700000000, 0x0000000703c80000, 0x0000000780000000)
  object space 61952K, 9% used [0x0000000700000000,0x00000007005b8b38,0x0000000703c80000)
 Metaspace       used 23653K, capacity 24743K, committed 24832K, reserved 1071104K
  class space    used 3232K, capacity 3496K, committed 3584K, reserved 1048576K
}
Event: 8.297 GC heap before
{Heap before GC invocations=8 (full 1):
 PSYoungGen      total 189440K, used 189032K [0x0000000780000000, 0x000000078d080000, 0x00000007c0000000)
  eden space 181760K, 100% used [0x0000000780000000,0x000000078b180000,0x000000078b180000)
  from space 7680K, 94% used [0x000000078c900000,0x000000078d01a188,0x000000078d080000)
  to   space 9216K, 0% used [0x000000078be80000,0x000000078be80000,0x000000078c780000)
 ParOldGen       total 61952K, used 5858K [0x0000000700000000, 0x0000000703c80000, 0x0000000780000000)
  object space 61952K, 9% used [0x0000000700000000,0x00000007005b8b38,0x0000000703c80000)
 Metaspace       used 32940K, capacity 34633K, committed 34944K, reserved 1079296K
  class space    used 4569K, capacity 4915K, committed 4992K, reserved 1048576K
Event: 8.328 GC heap after
Heap after GC invocations=8 (full 1):
 PSYoungGen      total 204288K, used 9196K [0x0000000780000000, 0x0000000795b80000, 0x00000007c0000000)
  eden space 195072K, 0% used [0x0000000780000000,0x0000000780000000,0x000000078be80000)
  from space 9216K, 99% used [0x000000078be80000,0x000000078c77b2d0,0x000000078c780000)
  to   space 13312K, 0% used [0x0000000794e80000,0x0000000794e80000,0x0000000795b80000)
 ParOldGen       total 61952K, used 12309K [0x0000000700000000, 0x0000000703c80000, 0x0000000780000000)
  object space 61952K, 19% used [0x0000000700000000,0x0000000700c05790,0x0000000703c80000)
 Metaspace       used 32940K, capacity 34633K, committed 34944K, reserved 1079296K
  class space    used 4569K, capacity 4915K, committed 4992K, reserved 1048576K
}
Event: 8.528 GC heap before
{Heap before GC invocations=9 (full 1):
 PSYoungGen      total 204288K, used 31093K [0x0000000780000000, 0x0000000795b80000, 0x00000007c0000000)
  eden space 195072K, 11% used [0x0000000780000000,0x0000000781562290,0x000000078be80000)
  from space 9216K, 99% used [0x000000078be80000,0x000000078c77b2d0,0x000000078c780000)
  to   space 13312K, 0% used [0x0000000794e80000,0x0000000794e80000,0x0000000795b80000)
 ParOldGen       total 61952K, used 12309K [0x0000000700000000, 0x0000000703c80000, 0x0000000780000000)
  object space 61952K, 19% used [0x0000000700000000,0x0000000700c05790,0x0000000703c80000)
 Metaspace       used 34038K, capacity 35873K, committed 36048K, reserved 1081344K
  class space    used 4748K, capacity 5115K, committed 5120K, reserved 1048576K
Event: 8.544 GC heap after
Heap after GC invocations=9 (full 1):
 PSYoungGen      total 342528K, used 9316K [0x0000000780000000, 0x0000000797500000, 0x00000007c0000000)
  eden space 329216K, 0% used [0x0000000780000000,0x0000000780000000,0x0000000794180000)
  from space 13312K, 69% used [0x0000000794e80000,0x0000000795799058,0x0000000795b80000)
  to   space 13312K, 0% used [0x0000000794180000,0x0000000794180000,0x0000000794e80000)
 ParOldGen       total 61952K, used 12317K [0x0000000700000000, 0x0000000703c80000, 0x0000000780000000)
  object space 61952K, 19% used [0x0000000700000000,0x0000000700c07790,0x0000000703c80000)
 Metaspace       used 34038K, capacity 35873K, committed 36048K, reserved 1081344K
  class space    used 4748K, capacity 5115K, committed 5120K, reserved 1048576K
}
Event: 8.544 GC heap before
{Heap before GC invocations=10 (full 2):
 PSYoungGen      total 342528K, used 9316K [0x0000000780000000, 0x0000000797500000, 0x00000007c0000000)
  eden space 329216K, 0% used [0x0000000780000000,0x0000000780000000,0x0000000794180000)
  from space 13312K, 69% used [0x0000000794e80000,0x0000000795799058,0x0000000795b80000)
  to   space 13312K, 0% used [0x0000000794180000,0x0000000794180000,0x0000000794e80000)
 ParOldGen       total 61952K, used 12317K [0x0000000700000000, 0x0000000703c80000, 0x0000000780000000)
  object space 61952K, 19% used [0x0000000700000000,0x0000000700c07790,0x0000000703c80000)
 Metaspace       used 34038K, capacity 35873K, committed 36048K, reserved 1081344K
  class space    used 4748K, capacity 5115K, committed 5120K, reserved 1048576K
Event: 8.620 GC heap after
Heap after GC invocations=10 (full 2):
 PSYoungGen      total 342528K, used 0K [0x0000000780000000, 0x0000000797500000, 0x00000007c0000000)
  eden space 329216K, 0% used [0x0000000780000000,0x0000000780000000,0x0000000794180000)
  from space 13312K, 0% used [0x0000000794e80000,0x0000000794e80000,0x0000000795b80000)
  to   space 13312K, 0% used [0x0000000794180000,0x0000000794180000,0x0000000794e80000)
 ParOldGen       total 84992K, used 14819K [0x0000000700000000, 0x0000000705300000, 0x0000000780000000)
  object space 84992K, 17% used [0x0000000700000000,0x0000000700e78d68,0x0000000705300000)
 Metaspace       used 34038K, capacity 35873K, committed 36048K, reserved 1081344K
  class space    used 4748K, capacity 5115K, committed 5120K, reserved 1048576K
}

